Removed Pin From Net: NetName=AO1 Pin=U2-4
Removed Pin From Net: NetName=AO2 Pin=U2-5
Removed Pin From Net: NetName=AIN1 Pin=U2-14
Removed Pin From Net: NetName=AIN2 Pin=U2-15
Removed Pin From Net: NetName=PWMA Pin=U2-16
Added Pin To Net: NetName=PWMB Pin=U1-16
Added Pin To Net: NetName=BIN2 Pin=U1-21
Added Pin To Net: NetName=BIN1 Pin=U1-22
Added Pin To Net: NetName=CIN1 Pin=U1-24
Added Pin To Net: NetName=CIN2 Pin=U1-25
Added Pin To Net: NetName=PWMC Pin=U1-26
Added Pin To Net: NetName=AO1 Pin=U2-6
Added Pin To Net: NetName=AO2 Pin=U2-7
Added Pin To Net: NetName=PWMA Pin=U2-10
Added Pin To Net: NetName=AIN2 Pin=U2-11
Added Pin To Net: NetName=AIN1 Pin=U2-12
Added Pin To Net: NetName=STBY Pin=U1-23
Added Pin To Net: NetName=STBY Pin=U2-13
Added Pin To Net: NetName=STBY Pin=U3-13
Added Net: Name=STBY
